<?xml version="1.0" encoding="UTF-8"?>
<coverage generated="1708529662564" clover="3.2.0">
  <project timestamp="1708529662564" name="All files">
    <metrics statements="18" coveredstatements="17" conditionals="0" coveredconditionals="0" methods="5" coveredmethods="4" elements="23" coveredelements="21" complexity="0" loc="18" ncloc="18" packages="1" files="4" classes="4"/>
    <file name="cloneArray.js" path="C:\coding\cmgt\cmgt-blockchain\js\cloneArray.js">
      <metrics statements="2" coveredstatements="2" conditionals="0" coveredconditionals="0" methods="1" coveredmethods="1"/>
      <line num="2" count="2" type="stmt"/>
      <line num="5" count="1" type="stmt"/>
    </file>
    <file name="customHash.js" path="C:\coding\cmgt\cmgt-blockchain\js\customHash.js">
      <metrics statements="11" coveredstatements="11" conditionals="0" coveredconditionals="0" methods="1" coveredmethods="1"/>
      <line num="4" count="3" type="stmt"/>
      <line num="8" count="3" type="stmt"/>
      <line num="11" count="3" type="stmt"/>
      <line num="15" count="3" type="stmt"/>
      <line num="19" count="3" type="stmt"/>
      <line num="22" count="3" type="stmt"/>
      <line num="24" count="3" type="stmt"/>
      <line num="27" count="1" type="stmt"/>
      <line num="28" count="1" type="stmt"/>
      <line num="29" count="1" type="stmt"/>
      <line num="31" count="1" type="stmt"/>
    </file>
    <file name="subtract.js" path="C:\coding\cmgt\cmgt-blockchain\js\subtract.js">
      <metrics statements="2" coveredstatements="2" conditionals="0" coveredconditionals="0" methods="1" coveredmethods="1"/>
      <line num="2" count="1" type="stmt"/>
      <line num="5" count="1" type="stmt"/>
    </file>
    <file name="sum.js" path="C:\coding\cmgt\cmgt-blockchain\js\sum.js">
      <metrics statements="3" coveredstatements="2" conditionals="0" coveredconditionals="0" methods="2" coveredmethods="1"/>
      <line num="2" count="1" type="stmt"/>
      <line num="6" count="0" type="stmt"/>
      <line num="9" count="1" type="stmt"/>
    </file>
  </project>
</coverage>
