{"C:\\coding\\cmgt\\cmgt-blockchain\\js\\cloneArray.js": {"path":"C:\\coding\\cmgt\\cmgt-blockchain\\js\\cloneArray.js","statementMap":{"0":{"start":{"line":2,"column":4},"end":{"line":2,"column":21}},"1":{"start":{"line":5,"column":0},"end":{"line":5,"column":28}}},"fnMap":{"0":{"name":"cloneArray","decl":{"start":{"line":1,"column":9},"end":{"line":1,"column":19}},"loc":{"start":{"line":1,"column":27},"end":{"line":3,"column":1}},"line":1}},"branchMap":{},"s":{"0":2,"1":1},"f":{"0":2},"b":{},"_coverageSchema":"1a1c01bbd47fc00a2c39e90264f33305004495a9","hash":"0871fe14752bcfbc8d3237d468dbd3cdf4b9f793"}
,"C:\\coding\\cmgt\\cmgt-blockchain\\js\\customHash.js": {"path":"C:\\coding\\cmgt\\cmgt-blockchain\\js\\customHash.js","statementMap":{"0":{"start":{"line":4,"column":22},"end":{"line":4,"column":39}},"1":{"start":{"line":8,"column":22},"end":{"line":8,"column":24}},"2":{"start":{"line":11,"column":17},"end":{"line":11,"column":19}},"3":{"start":{"line":15,"column":18},"end":{"line":15,"column":20}},"4":{"start":{"line":19,"column":19},"end":{"line":19,"column":40}},"5":{"start":{"line":22,"column":15},"end":{"line":22,"column":81}},"6":{"start":{"line":24,"column":4},"end":{"line":24,"column":30}},"7":{"start":{"line":27,"column":12},"end":{"line":27,"column":18}},"8":{"start":{"line":28,"column":19},"end":{"line":28,"column":36}},"9":{"start":{"line":29,"column":0},"end":{"line":29,"column":26}},"10":{"start":{"line":31,"column":0},"end":{"line":31,"column":27}}},"fnMap":{"0":{"name":"customHash","decl":{"start":{"line":1,"column":9},"end":{"line":1,"column":19}},"loc":{"start":{"line":1,"column":26},"end":{"line":25,"column":1}},"line":1}},"branchMap":{},"s":{"0":3,"1":3,"2":3,"3":3,"4":3,"5":3,"6":3,"7":1,"8":1,"9":1,"10":1},"f":{"0":3},"b":{},"_coverageSchema":"1a1c01bbd47fc00a2c39e90264f33305004495a9","hash":"bf54611061d878f199da242e1e0e39b99b1e8193"}
,"C:\\coding\\cmgt\\cmgt-blockchain\\js\\subtract.js": {"path":"C:\\coding\\cmgt\\cmgt-blockchain\\js\\subtract.js","statementMap":{"0":{"start":{"line":2,"column":4},"end":{"line":2,"column":17}},"1":{"start":{"line":5,"column":0},"end":{"line":5,"column":27}}},"fnMap":{"0":{"name":"substract","decl":{"start":{"line":1,"column":9},"end":{"line":1,"column":18}},"loc":{"start":{"line":1,"column":24},"end":{"line":3,"column":1}},"line":1}},"branchMap":{},"s":{"0":1,"1":1},"f":{"0":1},"b":{},"_coverageSchema":"1a1c01bbd47fc00a2c39e90264f33305004495a9","hash":"b0860b486adef451ea472a27cec108d17beecb1a"}
,"C:\\coding\\cmgt\\cmgt-blockchain\\js\\sum.js": {"path":"C:\\coding\\cmgt\\cmgt-blockchain\\js\\sum.js","statementMap":{"0":{"start":{"line":2,"column":4},"end":{"line":2,"column":17}},"1":{"start":{"line":6,"column":4},"end":{"line":6,"column":25}},"2":{"start":{"line":9,"column":0},"end":{"line":9,"column":20}}},"fnMap":{"0":{"name":"sum","decl":{"start":{"line":1,"column":9},"end":{"line":1,"column":12}},"loc":{"start":{"line":1,"column":19},"end":{"line":3,"column":1}},"line":1},"1":{"name":"helper","decl":{"start":{"line":5,"column":9},"end":{"line":5,"column":15}},"loc":{"start":{"line":5,"column":18},"end":{"line":7,"column":1}},"line":5}},"branchMap":{},"s":{"0":1,"1":0,"2":1},"f":{"0":1,"1":0},"b":{},"_coverageSchema":"1a1c01bbd47fc00a2c39e90264f33305004495a9","hash":"8c386165b639595554c0b5a6b4bc31bfa5ca473b"}
}
