{"C:\\coding\\cmgt\\cmgt-blockchain\\js\\cloneArray.js": {"path":"C:\\coding\\cmgt\\cmgt-blockchain\\js\\cloneArray.js","statementMap":{"0":{"start":{"line":2,"column":4},"end":{"line":2,"column":21}},"1":{"start":{"line":5,"column":0},"end":{"line":5,"column":28}}},"fnMap":{"0":{"name":"cloneArray","decl":{"start":{"line":1,"column":9},"end":{"line":1,"column":19}},"loc":{"start":{"line":1,"column":27},"end":{"line":3,"column":1}},"line":1}},"branchMap":{},"s":{"0":2,"1":1},"f":{"0":2},"b":{},"_coverageSchema":"1a1c01bbd47fc00a2c39e90264f33305004495a9","hash":"0871fe14752bcfbc8d3237d468dbd3cdf4b9f793"}
,"C:\\coding\\cmgt\\cmgt-blockchain\\js\\customHash.js": {"path":"C:\\coding\\cmgt\\cmgt-blockchain\\js\\customHash.js","statementMap":{"0":{"start":{"line":2,"column":19},"end":{"line":2,"column":24}},"1":{"start":{"line":5,"column":22},"end":{"line":5,"column":46}},"2":{"start":{"line":8,"column":22},"end":{"line":8,"column":47}},"3":{"start":{"line":11,"column":17},"end":{"line":11,"column":46}},"4":{"start":{"line":15,"column":18},"end":{"line":15,"column":63}},"5":{"start":{"line":19,"column":20},"end":{"line":19,"column":41}},"6":{"start":{"line":22,"column":15},"end":{"line":22,"column":81}},"7":{"start":{"line":24,"column":4},"end":{"line":24,"column":74}},"8":{"start":{"line":29,"column":22},"end":{"line":29,"column":24}},"9":{"start":{"line":30,"column":4},"end":{"line":32,"column":5}},"10":{"start":{"line":30,"column":17},"end":{"line":30,"column":18}},"11":{"start":{"line":31,"column":8},"end":{"line":31,"column":45}},"12":{"start":{"line":33,"column":4},"end":{"line":33,"column":23}},"13":{"start":{"line":37,"column":12},"end":{"line":37,"column":18}},"14":{"start":{"line":38,"column":19},"end":{"line":38,"column":36}},"15":{"start":{"line":39,"column":0},"end":{"line":39,"column":26}},"16":{"start":{"line":41,"column":0},"end":{"line":41,"column":38}},"17":{"start":{"line":44,"column":0},"end":{"line":44,"column":27}}},"fnMap":{"0":{"name":"customHash","decl":{"start":{"line":1,"column":9},"end":{"line":1,"column":19}},"loc":{"start":{"line":1,"column":26},"end":{"line":25,"column":1}},"line":1},"1":{"name":"textToAsciiValues","decl":{"start":{"line":28,"column":9},"end":{"line":28,"column":26}},"loc":{"start":{"line":28,"column":32},"end":{"line":34,"column":1}},"line":28}},"branchMap":{},"s":{"0":8,"1":8,"2":2,"3":2,"4":2,"5":2,"6":2,"7":2,"8":9,"9":9,"10":9,"11":12,"12":3,"13":1,"14":1,"15":1,"16":1,"17":1},"f":{"0":8,"1":9},"b":{},"_coverageSchema":"1a1c01bbd47fc00a2c39e90264f33305004495a9","hash":"3fa9a474bbeb78216bccaf397d9985af3a96d243"}
,"C:\\coding\\cmgt\\cmgt-blockchain\\js\\subtract.js": {"path":"C:\\coding\\cmgt\\cmgt-blockchain\\js\\subtract.js","statementMap":{"0":{"start":{"line":2,"column":4},"end":{"line":2,"column":17}},"1":{"start":{"line":5,"column":0},"end":{"line":5,"column":27}}},"fnMap":{"0":{"name":"substract","decl":{"start":{"line":1,"column":9},"end":{"line":1,"column":18}},"loc":{"start":{"line":1,"column":24},"end":{"line":3,"column":1}},"line":1}},"branchMap":{},"s":{"0":1,"1":1},"f":{"0":1},"b":{},"_coverageSchema":"1a1c01bbd47fc00a2c39e90264f33305004495a9","hash":"b0860b486adef451ea472a27cec108d17beecb1a"}
,"C:\\coding\\cmgt\\cmgt-blockchain\\js\\sum.js": {"path":"C:\\coding\\cmgt\\cmgt-blockchain\\js\\sum.js","statementMap":{"0":{"start":{"line":2,"column":4},"end":{"line":2,"column":17}},"1":{"start":{"line":6,"column":4},"end":{"line":6,"column":25}},"2":{"start":{"line":9,"column":0},"end":{"line":9,"column":20}}},"fnMap":{"0":{"name":"sum","decl":{"start":{"line":1,"column":9},"end":{"line":1,"column":12}},"loc":{"start":{"line":1,"column":19},"end":{"line":3,"column":1}},"line":1},"1":{"name":"helper","decl":{"start":{"line":5,"column":9},"end":{"line":5,"column":15}},"loc":{"start":{"line":5,"column":18},"end":{"line":7,"column":1}},"line":5}},"branchMap":{},"s":{"0":1,"1":0,"2":1},"f":{"0":1,"1":0},"b":{},"_coverageSchema":"1a1c01bbd47fc00a2c39e90264f33305004495a9","hash":"8c386165b639595554c0b5a6b4bc31bfa5ca473b"}
}
