TN:
SF:js\cloneArray.js
FN:1,cloneArray
FNF:1
FNH:1
FNDA:2,cloneArray
DA:2,2
DA:5,1
LF:2
LH:2
BRF:0
BRH:0
end_of_record
TN:
SF:js\customHash.js
FN:1,customHash
FNF:1
FNH:1
FNDA:3,customHash
DA:4,3
DA:8,3
DA:11,3
DA:15,3
DA:19,3
DA:22,3
DA:24,3
DA:27,1
DA:28,1
DA:29,1
DA:31,1
LF:11
LH:11
BRF:0
BRH:0
end_of_record
TN:
SF:js\subtract.js
FN:1,substract
FNF:1
FNH:1
FNDA:1,substract
DA:2,1
DA:5,1
LF:2
LH:2
BRF:0
BRH:0
end_of_record
TN:
SF:js\sum.js
FN:1,sum
FN:5,helper
FNF:2
FNH:1
FNDA:1,sum
FNDA:0,helper
DA:2,1
DA:6,0
DA:9,1
LF:3
LH:2
BRF:0
BRH:0
end_of_record
