TN:
SF:js\cloneArray.js
FN:1,cloneArray
FNF:1
FNH:1
FNDA:2,cloneArray
DA:2,2
DA:5,1
LF:2
LH:2
BRF:0
BRH:0
end_of_record
TN:
SF:js\customHash.js
FN:1,customHash
FN:28,textToAsciiValues
FNF:2
FNH:2
FNDA:8,customHash
FNDA:9,textToAsciiValues
DA:2,8
DA:5,8
DA:8,2
DA:11,2
DA:15,2
DA:19,2
DA:22,2
DA:24,2
DA:29,9
DA:30,9
DA:31,12
DA:33,3
DA:37,1
DA:38,1
DA:39,1
DA:41,1
DA:44,1
LF:17
LH:17
BRF:0
BRH:0
end_of_record
TN:
SF:js\subtract.js
FN:1,substract
FNF:1
FNH:1
FNDA:1,substract
DA:2,1
DA:5,1
LF:2
LH:2
BRF:0
BRH:0
end_of_record
TN:
SF:js\sum.js
FN:1,sum
FN:5,helper
FNF:2
FNH:1
FNDA:1,sum
FNDA:0,helper
DA:2,1
DA:6,0
DA:9,1
LF:3
LH:2
BRF:0
BRH:0
end_of_record
